0 info it worked if it ends with ok
1 verbose cli [ 'c:\\program files\\nodejs\\node.exe',
1 verbose cli   'c:\\program files\\nodejs\\node_modules\\npm\\bin\\npm-cli.js',
1 verbose cli   'run',
1 verbose cli   'build',
1 verbose cli   '--scripts-prepend-node-path=auto' ]
2 info using npm@3.10.9
3 info using node@v6.9.2
4 verbose run-script [ 'prebuild', 'build', 'postbuild' ]
5 info lifecycle webpackify-it-all@1.0.0~prebuild: webpackify-it-all@1.0.0
6 silly lifecycle webpackify-it-all@1.0.0~prebuild: no script for prebuild, continuing
7 info lifecycle webpackify-it-all@1.0.0~build: webpackify-it-all@1.0.0
8 verbose lifecycle webpackify-it-all@1.0.0~build: unsafe-perm in lifecycle true
9 verbose lifecycle webpackify-it-all@1.0.0~build: PATH: c:\program files\nodejs\node_modules\npm\bin\node-gyp-bin;D:\xampp\htdocs\webpackify-it-all\node_modules\.bin;c:\program files (x86)\activestate komodo edit 10\lib\sdk\bin\;c:\windows\system32;c:\windows;c:\windows\system32\wbem;c:\windows\system32\windowspowershell\v1.0\;d:\xampp\php\;d:\xampp\php\ext\;c:\program files\java\jdk1.8.0_73\bin\;c:\program files (x86)\gnupg\pub;c:\program files\nodejs\;c:\program files (x86)\windows kits\8.1\windows performance toolkit\;C:\Program Files (x86)\NVIDIA Corporation\PhysX\Common;C:\HashiCorp\Vagrant\bin;C:\Windows\System32\WindowsPowerShell\v1.0\;C:\Windows\System32\WindowsPowerShell\v1.0\;C:\Users\Thomas\AppData\Roaming\npm
10 verbose lifecycle webpackify-it-all@1.0.0~build: CWD: D:\xampp\htdocs\webpackify-it-all
11 silly lifecycle webpackify-it-all@1.0.0~build: Args: [ '/d /s /c',
11 silly lifecycle   'NODE_ENV=production webpack --mode production --config ./configs/webpack.config.prod.js' ]
12 silly lifecycle webpackify-it-all@1.0.0~build: Returned: code: 1  signal: null
13 info lifecycle webpackify-it-all@1.0.0~build: Failed to exec build script
14 verbose stack Error: webpackify-it-all@1.0.0 build: `NODE_ENV=production webpack --mode production --config ./configs/webpack.config.prod.js`
14 verbose stack Exit status 1
14 verbose stack     at EventEmitter.<anonymous> (c:\program files\nodejs\node_modules\npm\lib\utils\lifecycle.js:255:16)
14 verbose stack     at emitTwo (events.js:106:13)
14 verbose stack     at EventEmitter.emit (events.js:191:7)
14 verbose stack     at ChildProcess.<anonymous> (c:\program files\nodejs\node_modules\npm\lib\utils\spawn.js:40:14)
14 verbose stack     at emitTwo (events.js:106:13)
14 verbose stack     at ChildProcess.emit (events.js:191:7)
14 verbose stack     at maybeClose (internal/child_process.js:877:16)
14 verbose stack     at Process.ChildProcess._handle.onexit (internal/child_process.js:226:5)
15 verbose pkgid webpackify-it-all@1.0.0
16 verbose cwd D:\xampp\htdocs\webpackify-it-all
17 error Windows_NT 6.1.7601
18 error argv "c:\\program files\\nodejs\\node.exe" "c:\\program files\\nodejs\\node_modules\\npm\\bin\\npm-cli.js" "run" "build" "--scripts-prepend-node-path=auto"
19 error node v6.9.2
20 error npm  v3.10.9
21 error code ELIFECYCLE
22 error webpackify-it-all@1.0.0 build: `NODE_ENV=production webpack --mode production --config ./configs/webpack.config.prod.js`
22 error Exit status 1
23 error Failed at the webpackify-it-all@1.0.0 build script 'NODE_ENV=production webpack --mode production --config ./configs/webpack.config.prod.js'.
23 error Make sure you have the latest version of node.js and npm installed.
23 error If you do, this is most likely a problem with the webpackify-it-all package,
23 error not with npm itself.
23 error Tell the author that this fails on your system:
23 error     NODE_ENV=production webpack --mode production --config ./configs/webpack.config.prod.js
23 error You can get information on how to open an issue for this project with:
23 error     npm bugs webpackify-it-all
23 error Or if that isn't available, you can get their info via:
23 error     npm owner ls webpackify-it-all
23 error There is likely additional logging output above.
24 verbose exit [ 1, true ]
